@I [SIM-47] Using XSIM for RTL simulation.
@I [SIM-14] Instrumenting C test bench ...
   Build using "/home/lean/vivado/Vivado_HLS/2016.4/lnx64/tools/gcc/bin/g++"
   Compiling apatb_prbs31.cpp
   Compiling (apcc) prbs31.c_pre.c.tb.c
INFO: [HLS 200-10] Running '/home/lean/vivado/Vivado_HLS/2016.4/bin/unwrapped/lnx64.o/apcc'
INFO: [HLS 200-10] For user 'lean' on host 'guliguli' (Linux_x86_64 version 3.16.0-4-amd64) on Tue Jun 20 14:37:50 -03 2017
INFO: [HLS 200-10] In directory '/home/lean/vivado/tp/prbs31/vivado/prbs31/run1/sim/wrapc'
clang: warning: argument unused during compilation: '-fno-builtin-isinf'
clang: warning: argument unused during compilation: '-fno-builtin-isnan'
INFO: [APCC 202-3] Tmp directory is /tmp/apcc_db_lean/23121497980270880294
INFO: [APCC 202-1] APCC is done.
   Compiling (apcc) prbs31_test.c_pre.c.tb.c
INFO: [HLS 200-10] Running '/home/lean/vivado/Vivado_HLS/2016.4/bin/unwrapped/lnx64.o/apcc'
INFO: [HLS 200-10] For user 'lean' on host 'guliguli' (Linux_x86_64 version 3.16.0-4-amd64) on Tue Jun 20 14:37:56 -03 2017
INFO: [HLS 200-10] In directory '/home/lean/vivado/tp/prbs31/vivado/prbs31/run1/sim/wrapc'
clang: warning: argument unused during compilation: '-fno-builtin-isinf'
clang: warning: argument unused during compilation: '-fno-builtin-isnan'
INFO: [APCC 202-3] Tmp directory is /tmp/apcc_db_lean/23701497980276462845
INFO: [APCC 202-1] APCC is done.
   Generating cosim.tv.exe
@I [SIM-302] Starting C TB testing ... 
@I [SIM-333] Generating C post check test bench ...
@I [SIM-12] Generating RTL test bench ...
@I [SIM-323] Starting verilog simulation. 
@I [SIM-15] Starting XSIM ...
@I [SIM-316] Starting C post checking ...
 4 4 8 8 16 16 32 32 64 64 128 128 256 256 512 512 1024 1024 2048 2048 4096 4096 8192 8192 16384 16384 32768 32768 65536 65536 131072 131072 262144 262144 524288 524288 1048576 1048576 2097152 2097152 4194304 4194304 8388608 8388608 16777216 16777216 33554432 33554432 67108864 67108864 134217728 134217728 268435457 268435457 536870914 536870914 1073741828 1073741828 9 9 18 18 36 36 72 72 144 144 288 288 576 576 1152 1152 2304 2304 4608 4608 9216 9216 18432 18432 36864 36864 73728 73728 147456 147456 294912 294912 589824 589824 1179648 1179648 2359296 2359296 4718592 4718592 9437184 9437184 18874368 18874368 37748736 37748736 75497472 75497472 150994944 150994944 301989889 301989889 603979778 603979778 1207959556 1207959556 268435464 268435464 536870928 536870928 1073741856 1073741856 65 65 130 130 260 260 520 520 1040 1040 2080 2080 4160 4160 8320 8320 16640 16640 33280 33280 66560 66560 133120 133120 266240 266240 532480 532480 1064960 1064960 2129920 2129920 4259840 4259840 8519680 8519680 17039360 17039360 34078720 34078720 68157440 68157440 136314880 136314880 272629761 272629761 545259522 545259522 1090519044 1090519044 33554441 33554441 67108882 67108882 134217764 134217764 268435529 268435529 536871058 536871058 1073742116 1073742116 585 585 1170 1170 2340 2340 4680 4680 9360 9360 18720 18720 37440 37440 74880 74880 149760 149760 299520 299520 599040 599040 1198080 1198080 2396160 2396160 4792320 4792320 9584640 9584640 19169280 19169280 38338560 38338560 76677120 76677120 153354240 153354240 306708481 306708481 613416962 613416962 1226833924 1226833924 306184200 306184200 612368400 612368400 1224736800 1224736800 301989952 301989952 603979904 603979904 1207959808 1207959808 268435968 268435968 536871936 536871936 1073743872 1073743872 4097 4097 8194 8194 16388 16388 32776 32776 65552 65552 131104 131104 262208 262208 524416 524416 1048832 1048832 2097664 2097664 4195328 4195328 8390656 8390656 16781312 16781312 33562624 33562624 67125248 67125248 134250496 134250496 268500993 268500993 537001986 537001986 1074003972 1074003972 524297 524297 1048594 1048594 2097188 2097188 4194376 4194376 8388752 8388752 16777504 16777504 33555008 33555008 67110016 67110016 134220032 134220032 268440065 268440065 536880130 536880130 1073760260 1073760260 36873 36873 73746 73746 147492 147492 294984 294984 589968 589968 1179936 1179936 2359872 2359872 4719744 4719744 9439488 9439488 18878976 18878976 37757952 37757952 75515904 75515904 151031808 151031808 302063617 302063617 604127234 604127234 1208254468 1208254468 269025288 269025288 538050576 538050576 1076101152 1076101152 4718657 4718657 9437314 9437314 18874628 18874628 37749256 37749256 75498512 75498512 150997024 150997024 301994049 301994049 603988098 603988098 1207976196 1207976196 268468744 268468744 536937488 536937488 1073874976 1073874976 266305 266305 532610 532610 1065220 1065220 2130440 2130440 4260880 4260880 8521760 8521760 17043520 17043520 34087040 34087040 68174080 68174080 136348160 136348160 272696321 272696321 545392642 545392642 1090785284 1090785284 34086921 34086921 68173842 68173842 136347684 136347684 272695369 272695369 545390738 545390738 1090781476 1090781476 34079305 34079305 68158610 68158610 136317220 136317220 272634441 272634441 545268882 545268882 1090537764 1090537764 33591881 33591881 67183762 67183762 134367524 134367524 268735049 268735049 537470098 537470098 1074940196 1074940196 2396745 2396745 4793490 4793490 9586980 9586980 19173960 19173960 38347920 38347920 76695840 76695840 153391680 153391680 306783361 306783361 613566722 613566722 1227133444 1227133444 306783240 306783240 613566480 613566480 1227132960 1227132960 306782272 306782272 613564544 613564544 1227129088 1227129088 306774528 306774528 613549056 613549056 1227098112 1227098112 306712576 306712576 613425152 613425152 1226850304 1226850304 306216960 306216960 612433920 612433920 1224867840 1224867840 302252032 302252032 604504064 604504064 1209008128 1209008128 270532608 270532608 541065216 541065216 1082130432 1082130432 16777217 16777217 33554434 33554434 67108868 67108868 134217736 134217736 268435473 268435473 536870946 536870946 1073741892 1073741892 137 137 274 274 548 548 1096 1096 2192 2192 4384 4384 8768 8768 17536 17536 35072 35072 70144 70144 140288 140288 280576 280576 561152 561152 1122304 1122304 2244608 2244608 4489216 4489216 8978432 8978432 17956864 17956864 35913728 35913728 71827456 71827456 143654912 143654912 287309825 287309825 574619650 574619650 1149239300 1149239300 150994953 150994953 301989907 301989907 603979814 603979814 1207959628 1207959628 268435608 268435608 536871216 536871216 1073742432 1073742432 1217 1217 2434 2434 4868 4868 9736 9736 19472 19472 38944 38944 77888 77888 155776 155776 311552 311552 623104 623104 1246208 1246208 2492416 2492416 4984832 4984832 9969664 9969664 19939328 19939328 39878656 39878656 79757312 79757312 159514624 159514624 319029249 319029249 638058498 638058498 1276116996 1276116996 404750344 404750344 809500689 809500689 1619001378 1619001378 1090519109 1090519109 33554571 33554571 67109142 67109142 134218284 134218284 268436569 268436569 536873138 536873138 1073746276 1073746276 8905 8905 17810 17810 35620 35620 71240 71240 142480 142480 284960 284960 569920 569920 1139840 1139840 2279680 2279680 4559360 4559360 9118720 9118720 18237440 18237440 36474880 36474880 72949760 72949760 145899520 145899520 291799041 291799041 583598082 583598082 1167196164 1167196164 186908681 186908681 373817363 373817363 747634726 747634726 1495269453 1495269453 843055258 843055258 1686110516 1686110516 1224737385 1224737385 301991122 301991122 603982244 603982244 1207964488 1207964488 268445328 268445328 536890656 536890656 1073781312 1073781312 78977 78977 157954 157954 315908 315908 631816 631816 1263632 1263632 2527264 2527264 5054528 5054528 10109056 10109056 20218112 20218112 40436224 40436224 80872448 80872448 161744896 161744896 323489793 323489793 646979586 646979586 1293959172 1293959172 440434696 440434696 880869393 880869393 1761738786 1761738786 1375993924 1375993924 604504201 604504201 1209008402 1209008402 270533156 270533156 541066312 541066312 1082132624 1082132624 16781601 16781601 33563202 33563202 67126404 67126404 134252808 134252808 268505617 268505617 537011234 537011234 1074022468 1074022468 561289 561289 1122578 1122578 2245156 2245156 4490312 4490312 8980624 8980624 17961248 17961248 35922496 35922496 71844992 71844992 143689984 143689984 287379969 287379969 574759938 574759938 1149519876 1149519876 151556105 151556105 303112211 303112211 606224422 606224422 1212448844 1212448844 277414040 277414040 554828080 554828080 1109656160 1109656160 71828673 71828673 143657346 143657346 287314693 287314693 574629386 574629386 1149258772 1149258772 151033897 151033897 302067795 302067795 604135590 604135590 1208271180 1208271180 269058712 269058712 538117424 538117424 1076234848 1076234848 4986049 4986049 9972098 9972098 19944196 19944196 39888392 39888392 79776784 79776784 159553568 159553568 319107137 319107137 638214274 638214274 1276428548 1276428548 405373448 405373448 810746897 810746897 1621493794 1621493794 1095503941 1095503941 43524235 43524235 87048470 87048470 174096940 174096940 348193881 348193881 696387762 696387762 1392775525 1392775525 638067403 638067403 1276134806 1276134806 404785964 404785964 809571929 809571929 1619143858 1619143858 1090804069 1090804069 34124491 34124491 68248982 68248982 136497964 136497964 272995929 272995929 545991858 545991858 1091983716 1091983716 36483785 36483785 72967570 72967570 145935140 145935140 291870281 291870281 583740562 583740562 1167481124 1167481124 187478601 187478601 374957203 374957203 749914406 749914406 1499828813 1499828813 852173978 852173978 1704347956 1704347956 1261212265 1261212265 374940882 374940882 749881764 749881764 1499763529 1499763529 852043410 852043410 1704086820 1704086820 1260689993 1260689993 373896338 373896338 747792676 747792676 1495585353 1495585353 843687058 843687058 1687374116 1687374116 1227264585 1227264585 307045522 307045522 614091044 614091044 1228182088 1228182088 308880528 308880528 617761056 617761056 1235522112 1235522112 323560576 323560576 647121152 647121152 1294242304 1294242304 441000960 441000960 882001921 882001921 1764003842 1764003842 1380524036 1380524036 613564425 613564425 1227128850 1227128850 306774052 306774052 613548104 613548104 1227096208 1227096208 306708768 306708768 613417536 613417536 1226835072 1226835072 306186496 306186496 612372992 612372992 1224745984 1224745984 302008320 302008320 604016640 604016640 1208033280 1208033280 268582912 268582912 537165824 537165824 1074331648 1074331648 1179649 1179649 2359298 2359298 4718596 4718596 9437192 9437192 18874384 18874384 37748768 37748768Test done.
INFO: [XSIM 43-3496] Using init file passed via -initfile option "/home/lean/vivado/Vivado/2016.4/data/xsim/ip/xsim_ip.ini".
Vivado Simulator 2016.4
Copyright 1986-1999, 2001-2016 Xilinx, Inc. All Rights Reserved.
Running: /home/lean/vivado/Vivado/2016.4/bin/unwrapped/lnx64.o/xelab xil_defaultlib.apatb_prbs31_top -prj prbs31.prj --initfile /home/lean/vivado/Vivado/2016.4/data/xsim/ip/xsim_ip.ini --lib ieee_proposed=./ieee_proposed -s prbs31 -debug wave 
Multi-threading is on. Using 2 slave threads.
INFO: [VRFC 10-2263] Analyzing SystemVerilog file "/home/lean/vivado/tp/prbs31/vivado/prbs31/run1/sim/verilog/prbs31.v" into library xil_defaultlib
INFO: [VRFC 10-311] analyzing module prbs31
INFO: [VRFC 10-2263] Analyzing SystemVerilog file "/home/lean/vivado/tp/prbs31/vivado/prbs31/run1/sim/verilog/prbs31.autotb.v" into library xil_defaultlib
INFO: [VRFC 10-311] analyzing module apatb_prbs31_top
Starting static elaboration
Completed static elaboration
Starting simulation data flow analysis
Completed simulation data flow analysis
Time Resolution for simulation is 1ps
Compiling module xil_defaultlib.prbs31
Compiling module xil_defaultlib.apatb_prbs31_top
Built simulation snapshot prbs31

****** Webtalk v2016.4 (64-bit)
  **** SW Build 1756540 on Mon Jan 23 19:11:19 MST 2017
  **** IP Build 1755317 on Mon Jan 23 20:30:07 MST 2017
    ** Copyright 1986-2016 Xilinx, Inc. All Rights Reserved.

source /home/lean/vivado/tp/prbs31/vivado/prbs31/run1/sim/verilog/xsim.dir/prbs31/webtalk/xsim_webtalk.tcl -notrace
webtalk_transmit: Time (s): cpu = 00:00:00.65 ; elapsed = 00:00:05 . Memory (MB): peak = 221.410 ; gain = 0.004 ; free physical = 88 ; free virtual = 2914
INFO: [Common 17-206] Exiting Webtalk at Tue Jun 20 14:38:22 2017...

****** xsim v2016.4 (64-bit)
  **** SW Build 1756540 on Mon Jan 23 19:11:19 MST 2017
  **** IP Build 1755317 on Mon Jan 23 20:30:07 MST 2017
    ** Copyright 1986-2016 Xilinx, Inc. All Rights Reserved.

source xsim.dir/prbs31/xsim_script.tcl
# xsim {prbs31} -autoloadwcfg -tclbatch {prbs31.tcl}
Vivado Simulator 2016.4
Time resolution is 1 ps
source prbs31.tcl
## log_wave -r /
## set designtopgroup [add_wave_group "Design Top Signals"]
## set coutputgroup [add_wave_group "C Outputs" -into $designtopgroup]
## set hw_out_group [add_wave_group hw_out(wire) -into $coutputgroup]
## add_wave /apatb_prbs31_top/AESL_inst_prbs31/hw_out_ap_vld -into $hw_out_group -color #ffff00 -radix hex
## add_wave /apatb_prbs31_top/AESL_inst_prbs31/hw_out -into $hw_out_group -radix hex
## set blocksiggroup [add_wave_group "Block-level IO Handshake" -into $designtopgroup]
## add_wave /apatb_prbs31_top/AESL_inst_prbs31/ap_start -into $blocksiggroup
## add_wave /apatb_prbs31_top/AESL_inst_prbs31/ap_done -into $blocksiggroup
## add_wave /apatb_prbs31_top/AESL_inst_prbs31/ap_idle -into $blocksiggroup
## add_wave /apatb_prbs31_top/AESL_inst_prbs31/ap_ready -into $blocksiggroup
## set resetgroup [add_wave_group "Reset" -into $designtopgroup]
## add_wave /apatb_prbs31_top/AESL_inst_prbs31/ap_rst -into $resetgroup
## set clockgroup [add_wave_group "Clock" -into $designtopgroup]
## add_wave /apatb_prbs31_top/AESL_inst_prbs31/ap_clk -into $clockgroup
## set testbenchgroup [add_wave_group "Test Bench Signals"]
## set tbinternalsiggroup [add_wave_group "Internal Signals" -into $testbenchgroup]
## set tb_simstatus_group [add_wave_group "Simulation Status" -into $tbinternalsiggroup]
## set tb_portdepth_group [add_wave_group "Port Depth" -into $tbinternalsiggroup]
## add_wave /apatb_prbs31_top/AUTOTB_TRANSACTION_NUM -into $tb_simstatus_group -radix hex
## add_wave /apatb_prbs31_top/ready_cnt -into $tb_simstatus_group -radix hex
## add_wave /apatb_prbs31_top/done_cnt -into $tb_simstatus_group -radix hex
## add_wave /apatb_prbs31_top/LENGTH_hw_out -into $tb_portdepth_group -radix hex
## set tbcoutputgroup [add_wave_group "C Outputs" -into $testbenchgroup]
## set tb_hw_out_group [add_wave_group hw_out(wire) -into $tbcoutputgroup]
## add_wave /apatb_prbs31_top/hw_out_ap_vld -into $tb_hw_out_group -color #ffff00 -radix hex
## add_wave /apatb_prbs31_top/hw_out -into $tb_hw_out_group -radix hex
## save_wave_config prbs31.wcfg
## run all
////////////////////////////////////////////////////////////////////////////////////
// Inter-Transaction Progress: Completed Transaction / Total Transaction
// Intra-Transaction Progress: Measured Latency / Latency Estimation * 100%
//
// RTL Simulation : "Inter-Transaction Progress" ["Intra-Transaction Progress"] @ "Simulation Time"
////////////////////////////////////////////////////////////////////////////////////
// RTL Simulation : 0 / 500 [n/a] @ "125000"
// RTL Simulation : 1 / 500 [n/a] @ "145000"
// RTL Simulation : 2 / 500 [n/a] @ "155000"
// RTL Simulation : 3 / 500 [n/a] @ "165000"
// RTL Simulation : 4 / 500 [n/a] @ "175000"
// RTL Simulation : 5 / 500 [n/a] @ "185000"
// RTL Simulation : 6 / 500 [n/a] @ "195000"
// RTL Simulation : 7 / 500 [n/a] @ "205000"
// RTL Simulation : 8 / 500 [n/a] @ "215000"
// RTL Simulation : 9 / 500 [n/a] @ "225000"
// RTL Simulation : 10 / 500 [n/a] @ "235000"
// RTL Simulation : 11 / 500 [n/a] @ "245000"
// RTL Simulation : 12 / 500 [n/a] @ "255000"
// RTL Simulation : 13 / 500 [n/a] @ "265000"
// RTL Simulation : 14 / 500 [n/a] @ "275000"
// RTL Simulation : 15 / 500 [n/a] @ "285000"
// RTL Simulation : 16 / 500 [n/a] @ "295000"
// RTL Simulation : 17 / 500 [n/a] @ "305000"
// RTL Simulation : 18 / 500 [n/a] @ "315000"
// RTL Simulation : 19 / 500 [n/a] @ "325000"
// RTL Simulation : 20 / 500 [n/a] @ "335000"
// RTL Simulation : 21 / 500 [n/a] @ "345000"
// RTL Simulation : 22 / 500 [n/a] @ "355000"
// RTL Simulation : 23 / 500 [n/a] @ "365000"
// RTL Simulation : 24 / 500 [n/a] @ "375000"
// RTL Simulation : 25 / 500 [n/a] @ "385000"
// RTL Simulation : 26 / 500 [n/a] @ "395000"
// RTL Simulation : 27 / 500 [n/a] @ "405000"
// RTL Simulation : 28 / 500 [n/a] @ "415000"
// RTL Simulation : 29 / 500 [n/a] @ "425000"
// RTL Simulation : 30 / 500 [n/a] @ "435000"
// RTL Simulation : 31 / 500 [n/a] @ "445000"
// RTL Simulation : 32 / 500 [n/a] @ "455000"
// RTL Simulation : 33 / 500 [n/a] @ "465000"
// RTL Simulation : 34 / 500 [n/a] @ "475000"
// RTL Simulation : 35 / 500 [n/a] @ "485000"
// RTL Simulation : 36 / 500 [n/a] @ "495000"
// RTL Simulation : 37 / 500 [n/a] @ "505000"
// RTL Simulation : 38 / 500 [n/a] @ "515000"
// RTL Simulation : 39 / 500 [n/a] @ "525000"
// RTL Simulation : 40 / 500 [n/a] @ "535000"
// RTL Simulation : 41 / 500 [n/a] @ "545000"
// RTL Simulation : 42 / 500 [n/a] @ "555000"
// RTL Simulation : 43 / 500 [n/a] @ "565000"
// RTL Simulation : 44 / 500 [n/a] @ "575000"
// RTL Simulation : 45 / 500 [n/a] @ "585000"
// RTL Simulation : 46 / 500 [n/a] @ "595000"
// RTL Simulation : 47 / 500 [n/a] @ "605000"
// RTL Simulation : 48 / 500 [n/a] @ "615000"
// RTL Simulation : 49 / 500 [n/a] @ "625000"
// RTL Simulation : 50 / 500 [n/a] @ "635000"
// RTL Simulation : 51 / 500 [n/a] @ "645000"
// RTL Simulation : 52 / 500 [n/a] @ "655000"
// RTL Simulation : 53 / 500 [n/a] @ "665000"
// RTL Simulation : 54 / 500 [n/a] @ "675000"
// RTL Simulation : 55 / 500 [n/a] @ "685000"
// RTL Simulation : 56 / 500 [n/a] @ "695000"
// RTL Simulation : 57 / 500 [n/a] @ "705000"
// RTL Simulation : 58 / 500 [n/a] @ "715000"
// RTL Simulation : 59 / 500 [n/a] @ "725000"
// RTL Simulation : 60 / 500 [n/a] @ "735000"
// RTL Simulation : 61 / 500 [n/a] @ "745000"
// RTL Simulation : 62 / 500 [n/a] @ "755000"
// RTL Simulation : 63 / 500 [n/a] @ "765000"
// RTL Simulation : 64 / 500 [n/a] @ "775000"
// RTL Simulation : 65 / 500 [n/a] @ "785000"
// RTL Simulation : 66 / 500 [n/a] @ "795000"
// RTL Simulation : 67 / 500 [n/a] @ "805000"
// RTL Simulation : 68 / 500 [n/a] @ "815000"
// RTL Simulation : 69 / 500 [n/a] @ "825000"
// RTL Simulation : 70 / 500 [n/a] @ "835000"
// RTL Simulation : 71 / 500 [n/a] @ "845000"
// RTL Simulation : 72 / 500 [n/a] @ "855000"
// RTL Simulation : 73 / 500 [n/a] @ "865000"
// RTL Simulation : 74 / 500 [n/a] @ "875000"
// RTL Simulation : 75 / 500 [n/a] @ "885000"
// RTL Simulation : 76 / 500 [n/a] @ "895000"
// RTL Simulation : 77 / 500 [n/a] @ "905000"
// RTL Simulation : 78 / 500 [n/a] @ "915000"
// RTL Simulation : 79 / 500 [n/a] @ "925000"
// RTL Simulation : 80 / 500 [n/a] @ "935000"
// RTL Simulation : 81 / 500 [n/a] @ "945000"
// RTL Simulation : 82 / 500 [n/a] @ "955000"
// RTL Simulation : 83 / 500 [n/a] @ "965000"
// RTL Simulation : 84 / 500 [n/a] @ "975000"
// RTL Simulation : 85 / 500 [n/a] @ "985000"
// RTL Simulation : 86 / 500 [n/a] @ "995000"
// RTL Simulation : 87 / 500 [n/a] @ "1005000"
// RTL Simulation : 88 / 500 [n/a] @ "1015000"
// RTL Simulation : 89 / 500 [n/a] @ "1025000"
// RTL Simulation : 90 / 500 [n/a] @ "1035000"
// RTL Simulation : 91 / 500 [n/a] @ "1045000"
// RTL Simulation : 92 / 500 [n/a] @ "1055000"
// RTL Simulation : 93 / 500 [n/a] @ "1065000"
// RTL Simulation : 94 / 500 [n/a] @ "1075000"
// RTL Simulation : 95 / 500 [n/a] @ "1085000"
// RTL Simulation : 96 / 500 [n/a] @ "1095000"
// RTL Simulation : 97 / 500 [n/a] @ "1105000"
// RTL Simulation : 98 / 500 [n/a] @ "1115000"
// RTL Simulation : 99 / 500 [n/a] @ "1125000"
// RTL Simulation : 100 / 500 [n/a] @ "1135000"
// RTL Simulation : 101 / 500 [n/a] @ "1145000"
// RTL Simulation : 102 / 500 [n/a] @ "1155000"
// RTL Simulation : 103 / 500 [n/a] @ "1165000"
// RTL Simulation : 104 / 500 [n/a] @ "1175000"
// RTL Simulation : 105 / 500 [n/a] @ "1185000"
// RTL Simulation : 106 / 500 [n/a] @ "1195000"
// RTL Simulation : 107 / 500 [n/a] @ "1205000"
// RTL Simulation : 108 / 500 [n/a] @ "1215000"
// RTL Simulation : 109 / 500 [n/a] @ "1225000"
// RTL Simulation : 110 / 500 [n/a] @ "1235000"
// RTL Simulation : 111 / 500 [n/a] @ "1245000"
// RTL Simulation : 112 / 500 [n/a] @ "1255000"
// RTL Simulation : 113 / 500 [n/a] @ "1265000"
// RTL Simulation : 114 / 500 [n/a] @ "1275000"
// RTL Simulation : 115 / 500 [n/a] @ "1285000"
// RTL Simulation : 116 / 500 [n/a] @ "1295000"
// RTL Simulation : 117 / 500 [n/a] @ "1305000"
// RTL Simulation : 118 / 500 [n/a] @ "1315000"
// RTL Simulation : 119 / 500 [n/a] @ "1325000"
// RTL Simulation : 120 / 500 [n/a] @ "1335000"
// RTL Simulation : 121 / 500 [n/a] @ "1345000"
// RTL Simulation : 122 / 500 [n/a] @ "1355000"
// RTL Simulation : 123 / 500 [n/a] @ "1365000"
// RTL Simulation : 124 / 500 [n/a] @ "1375000"
// RTL Simulation : 125 / 500 [n/a] @ "1385000"
// RTL Simulation : 126 / 500 [n/a] @ "1395000"
// RTL Simulation : 127 / 500 [n/a] @ "1405000"
// RTL Simulation : 128 / 500 [n/a] @ "1415000"
// RTL Simulation : 129 / 500 [n/a] @ "1425000"
// RTL Simulation : 130 / 500 [n/a] @ "1435000"
// RTL Simulation : 131 / 500 [n/a] @ "1445000"
// RTL Simulation : 132 / 500 [n/a] @ "1455000"
// RTL Simulation : 133 / 500 [n/a] @ "1465000"
// RTL Simulation : 134 / 500 [n/a] @ "1475000"
// RTL Simulation : 135 / 500 [n/a] @ "1485000"
// RTL Simulation : 136 / 500 [n/a] @ "1495000"
// RTL Simulation : 137 / 500 [n/a] @ "1505000"
// RTL Simulation : 138 / 500 [n/a] @ "1515000"
// RTL Simulation : 139 / 500 [n/a] @ "1525000"
// RTL Simulation : 140 / 500 [n/a] @ "1535000"
// RTL Simulation : 141 / 500 [n/a] @ "1545000"
// RTL Simulation : 142 / 500 [n/a] @ "1555000"
// RTL Simulation : 143 / 500 [n/a] @ "1565000"
// RTL Simulation : 144 / 500 [n/a] @ "1575000"
// RTL Simulation : 145 / 500 [n/a] @ "1585000"
// RTL Simulation : 146 / 500 [n/a] @ "1595000"
// RTL Simulation : 147 / 500 [n/a] @ "1605000"
// RTL Simulation : 148 / 500 [n/a] @ "1615000"
// RTL Simulation : 149 / 500 [n/a] @ "1625000"
// RTL Simulation : 150 / 500 [n/a] @ "1635000"
// RTL Simulation : 151 / 500 [n/a] @ "1645000"
// RTL Simulation : 152 / 500 [n/a] @ "1655000"
// RTL Simulation : 153 / 500 [n/a] @ "1665000"
// RTL Simulation : 154 / 500 [n/a] @ "1675000"
// RTL Simulation : 155 / 500 [n/a] @ "1685000"
// RTL Simulation : 156 / 500 [n/a] @ "1695000"
// RTL Simulation : 157 / 500 [n/a] @ "1705000"
// RTL Simulation : 158 / 500 [n/a] @ "1715000"
// RTL Simulation : 159 / 500 [n/a] @ "1725000"
// RTL Simulation : 160 / 500 [n/a] @ "1735000"
// RTL Simulation : 161 / 500 [n/a] @ "1745000"
// RTL Simulation : 162 / 500 [n/a] @ "1755000"
// RTL Simulation : 163 / 500 [n/a] @ "1765000"
// RTL Simulation : 164 / 500 [n/a] @ "1775000"
// RTL Simulation : 165 / 500 [n/a] @ "1785000"
// RTL Simulation : 166 / 500 [n/a] @ "1795000"
// RTL Simulation : 167 / 500 [n/a] @ "1805000"
// RTL Simulation : 168 / 500 [n/a] @ "1815000"
// RTL Simulation : 169 / 500 [n/a] @ "1825000"
// RTL Simulation : 170 / 500 [n/a] @ "1835000"
// RTL Simulation : 171 / 500 [n/a] @ "1845000"
// RTL Simulation : 172 / 500 [n/a] @ "1855000"
// RTL Simulation : 173 / 500 [n/a] @ "1865000"
// RTL Simulation : 174 / 500 [n/a] @ "1875000"
// RTL Simulation : 175 / 500 [n/a] @ "1885000"
// RTL Simulation : 176 / 500 [n/a] @ "1895000"
// RTL Simulation : 177 / 500 [n/a] @ "1905000"
// RTL Simulation : 178 / 500 [n/a] @ "1915000"
// RTL Simulation : 179 / 500 [n/a] @ "1925000"
// RTL Simulation : 180 / 500 [n/a] @ "1935000"
// RTL Simulation : 181 / 500 [n/a] @ "1945000"
// RTL Simulation : 182 / 500 [n/a] @ "1955000"
// RTL Simulation : 183 / 500 [n/a] @ "1965000"
// RTL Simulation : 184 / 500 [n/a] @ "1975000"
// RTL Simulation : 185 / 500 [n/a] @ "1985000"
// RTL Simulation : 186 / 500 [n/a] @ "1995000"
// RTL Simulation : 187 / 500 [n/a] @ "2005000"
// RTL Simulation : 188 / 500 [n/a] @ "2015000"
// RTL Simulation : 189 / 500 [n/a] @ "2025000"
// RTL Simulation : 190 / 500 [n/a] @ "2035000"
// RTL Simulation : 191 / 500 [n/a] @ "2045000"
// RTL Simulation : 192 / 500 [n/a] @ "2055000"
// RTL Simulation : 193 / 500 [n/a] @ "2065000"
// RTL Simulation : 194 / 500 [n/a] @ "2075000"
// RTL Simulation : 195 / 500 [n/a] @ "2085000"
// RTL Simulation : 196 / 500 [n/a] @ "2095000"
// RTL Simulation : 197 / 500 [n/a] @ "2105000"
// RTL Simulation : 198 / 500 [n/a] @ "2115000"
// RTL Simulation : 199 / 500 [n/a] @ "2125000"
// RTL Simulation : 200 / 500 [n/a] @ "2135000"
// RTL Simulation : 201 / 500 [n/a] @ "2145000"
// RTL Simulation : 202 / 500 [n/a] @ "2155000"
// RTL Simulation : 203 / 500 [n/a] @ "2165000"
// RTL Simulation : 204 / 500 [n/a] @ "2175000"
// RTL Simulation : 205 / 500 [n/a] @ "2185000"
// RTL Simulation : 206 / 500 [n/a] @ "2195000"
// RTL Simulation : 207 / 500 [n/a] @ "2205000"
// RTL Simulation : 208 / 500 [n/a] @ "2215000"
// RTL Simulation : 209 / 500 [n/a] @ "2225000"
// RTL Simulation : 210 / 500 [n/a] @ "2235000"
// RTL Simulation : 211 / 500 [n/a] @ "2245000"
// RTL Simulation : 212 / 500 [n/a] @ "2255000"
// RTL Simulation : 213 / 500 [n/a] @ "2265000"
// RTL Simulation : 214 / 500 [n/a] @ "2275000"
// RTL Simulation : 215 / 500 [n/a] @ "2285000"
// RTL Simulation : 216 / 500 [n/a] @ "2295000"
// RTL Simulation : 217 / 500 [n/a] @ "2305000"
// RTL Simulation : 218 / 500 [n/a] @ "2315000"
// RTL Simulation : 219 / 500 [n/a] @ "2325000"
// RTL Simulation : 220 / 500 [n/a] @ "2335000"
// RTL Simulation : 221 / 500 [n/a] @ "2345000"
// RTL Simulation : 222 / 500 [n/a] @ "2355000"
// RTL Simulation : 223 / 500 [n/a] @ "2365000"
// RTL Simulation : 224 / 500 [n/a] @ "2375000"
// RTL Simulation : 225 / 500 [n/a] @ "2385000"
// RTL Simulation : 226 / 500 [n/a] @ "2395000"
// RTL Simulation : 227 / 500 [n/a] @ "2405000"
// RTL Simulation : 228 / 500 [n/a] @ "2415000"
// RTL Simulation : 229 / 500 [n/a] @ "2425000"
// RTL Simulation : 230 / 500 [n/a] @ "2435000"
// RTL Simulation : 231 / 500 [n/a] @ "2445000"
// RTL Simulation : 232 / 500 [n/a] @ "2455000"
// RTL Simulation : 233 / 500 [n/a] @ "2465000"
// RTL Simulation : 234 / 500 [n/a] @ "2475000"
// RTL Simulation : 235 / 500 [n/a] @ "2485000"
// RTL Simulation : 236 / 500 [n/a] @ "2495000"
// RTL Simulation : 237 / 500 [n/a] @ "2505000"
// RTL Simulation : 238 / 500 [n/a] @ "2515000"
// RTL Simulation : 239 / 500 [n/a] @ "2525000"
// RTL Simulation : 240 / 500 [n/a] @ "2535000"
// RTL Simulation : 241 / 500 [n/a] @ "2545000"
// RTL Simulation : 242 / 500 [n/a] @ "2555000"
// RTL Simulation : 243 / 500 [n/a] @ "2565000"
// RTL Simulation : 244 / 500 [n/a] @ "2575000"
// RTL Simulation : 245 / 500 [n/a] @ "2585000"
// RTL Simulation : 246 / 500 [n/a] @ "2595000"
// RTL Simulation : 247 / 500 [n/a] @ "2605000"
// RTL Simulation : 248 / 500 [n/a] @ "2615000"
// RTL Simulation : 249 / 500 [n/a] @ "2625000"
// RTL Simulation : 250 / 500 [n/a] @ "2635000"
// RTL Simulation : 251 / 500 [n/a] @ "2645000"
// RTL Simulation : 252 / 500 [n/a] @ "2655000"
// RTL Simulation : 253 / 500 [n/a] @ "2665000"
// RTL Simulation : 254 / 500 [n/a] @ "2675000"
// RTL Simulation : 255 / 500 [n/a] @ "2685000"
// RTL Simulation : 256 / 500 [n/a] @ "2695000"
// RTL Simulation : 257 / 500 [n/a] @ "2705000"
// RTL Simulation : 258 / 500 [n/a] @ "2715000"
// RTL Simulation : 259 / 500 [n/a] @ "2725000"
// RTL Simulation : 260 / 500 [n/a] @ "2735000"
// RTL Simulation : 261 / 500 [n/a] @ "2745000"
// RTL Simulation : 262 / 500 [n/a] @ "2755000"
// RTL Simulation : 263 / 500 [n/a] @ "2765000"
// RTL Simulation : 264 / 500 [n/a] @ "2775000"
// RTL Simulation : 265 / 500 [n/a] @ "2785000"
// RTL Simulation : 266 / 500 [n/a] @ "2795000"
// RTL Simulation : 267 / 500 [n/a] @ "2805000"
// RTL Simulation : 268 / 500 [n/a] @ "2815000"
// RTL Simulation : 269 / 500 [n/a] @ "2825000"
// RTL Simulation : 270 / 500 [n/a] @ "2835000"
// RTL Simulation : 271 / 500 [n/a] @ "2845000"
// RTL Simulation : 272 / 500 [n/a] @ "2855000"
// RTL Simulation : 273 / 500 [n/a] @ "2865000"
// RTL Simulation : 274 / 500 [n/a] @ "2875000"
// RTL Simulation : 275 / 500 [n/a] @ "2885000"
// RTL Simulation : 276 / 500 [n/a] @ "2895000"
// RTL Simulation : 277 / 500 [n/a] @ "2905000"
// RTL Simulation : 278 / 500 [n/a] @ "2915000"
// RTL Simulation : 279 / 500 [n/a] @ "2925000"
// RTL Simulation : 280 / 500 [n/a] @ "2935000"
// RTL Simulation : 281 / 500 [n/a] @ "2945000"
// RTL Simulation : 282 / 500 [n/a] @ "2955000"
// RTL Simulation : 283 / 500 [n/a] @ "2965000"
// RTL Simulation : 284 / 500 [n/a] @ "2975000"
// RTL Simulation : 285 / 500 [n/a] @ "2985000"
// RTL Simulation : 286 / 500 [n/a] @ "2995000"
// RTL Simulation : 287 / 500 [n/a] @ "3005000"
// RTL Simulation : 288 / 500 [n/a] @ "3015000"
// RTL Simulation : 289 / 500 [n/a] @ "3025000"
// RTL Simulation : 290 / 500 [n/a] @ "3035000"
// RTL Simulation : 291 / 500 [n/a] @ "3045000"
// RTL Simulation : 292 / 500 [n/a] @ "3055000"
// RTL Simulation : 293 / 500 [n/a] @ "3065000"
// RTL Simulation : 294 / 500 [n/a] @ "3075000"
// RTL Simulation : 295 / 500 [n/a] @ "3085000"
// RTL Simulation : 296 / 500 [n/a] @ "3095000"
// RTL Simulation : 297 / 500 [n/a] @ "3105000"
// RTL Simulation : 298 / 500 [n/a] @ "3115000"
// RTL Simulation : 299 / 500 [n/a] @ "3125000"
// RTL Simulation : 300 / 500 [n/a] @ "3135000"
// RTL Simulation : 301 / 500 [n/a] @ "3145000"
// RTL Simulation : 302 / 500 [n/a] @ "3155000"
// RTL Simulation : 303 / 500 [n/a] @ "3165000"
// RTL Simulation : 304 / 500 [n/a] @ "3175000"
// RTL Simulation : 305 / 500 [n/a] @ "3185000"
// RTL Simulation : 306 / 500 [n/a] @ "3195000"
// RTL Simulation : 307 / 500 [n/a] @ "3205000"
// RTL Simulation : 308 / 500 [n/a] @ "3215000"
// RTL Simulation : 309 / 500 [n/a] @ "3225000"
// RTL Simulation : 310 / 500 [n/a] @ "3235000"
// RTL Simulation : 311 / 500 [n/a] @ "3245000"
// RTL Simulation : 312 / 500 [n/a] @ "3255000"
// RTL Simulation : 313 / 500 [n/a] @ "3265000"
// RTL Simulation : 314 / 500 [n/a] @ "3275000"
// RTL Simulation : 315 / 500 [n/a] @ "3285000"
// RTL Simulation : 316 / 500 [n/a] @ "3295000"
// RTL Simulation : 317 / 500 [n/a] @ "3305000"
// RTL Simulation : 318 / 500 [n/a] @ "3315000"
// RTL Simulation : 319 / 500 [n/a] @ "3325000"
// RTL Simulation : 320 / 500 [n/a] @ "3335000"
// RTL Simulation : 321 / 500 [n/a] @ "3345000"
// RTL Simulation : 322 / 500 [n/a] @ "3355000"
// RTL Simulation : 323 / 500 [n/a] @ "3365000"
// RTL Simulation : 324 / 500 [n/a] @ "3375000"
// RTL Simulation : 325 / 500 [n/a] @ "3385000"
// RTL Simulation : 326 / 500 [n/a] @ "3395000"
// RTL Simulation : 327 / 500 [n/a] @ "3405000"
// RTL Simulation : 328 / 500 [n/a] @ "3415000"
// RTL Simulation : 329 / 500 [n/a] @ "3425000"
// RTL Simulation : 330 / 500 [n/a] @ "3435000"
// RTL Simulation : 331 / 500 [n/a] @ "3445000"
// RTL Simulation : 332 / 500 [n/a] @ "3455000"
// RTL Simulation : 333 / 500 [n/a] @ "3465000"
// RTL Simulation : 334 / 500 [n/a] @ "3475000"
// RTL Simulation : 335 / 500 [n/a] @ "3485000"
// RTL Simulation : 336 / 500 [n/a] @ "3495000"
// RTL Simulation : 337 / 500 [n/a] @ "3505000"
// RTL Simulation : 338 / 500 [n/a] @ "3515000"
// RTL Simulation : 339 / 500 [n/a] @ "3525000"
// RTL Simulation : 340 / 500 [n/a] @ "3535000"
// RTL Simulation : 341 / 500 [n/a] @ "3545000"
// RTL Simulation : 342 / 500 [n/a] @ "3555000"
// RTL Simulation : 343 / 500 [n/a] @ "3565000"
// RTL Simulation : 344 / 500 [n/a] @ "3575000"
// RTL Simulation : 345 / 500 [n/a] @ "3585000"
// RTL Simulation : 346 / 500 [n/a] @ "3595000"
// RTL Simulation : 347 / 500 [n/a] @ "3605000"
// RTL Simulation : 348 / 500 [n/a] @ "3615000"
// RTL Simulation : 349 / 500 [n/a] @ "3625000"
// RTL Simulation : 350 / 500 [n/a] @ "3635000"
// RTL Simulation : 351 / 500 [n/a] @ "3645000"
// RTL Simulation : 352 / 500 [n/a] @ "3655000"
// RTL Simulation : 353 / 500 [n/a] @ "3665000"
// RTL Simulation : 354 / 500 [n/a] @ "3675000"
// RTL Simulation : 355 / 500 [n/a] @ "3685000"
// RTL Simulation : 356 / 500 [n/a] @ "3695000"
// RTL Simulation : 357 / 500 [n/a] @ "3705000"
// RTL Simulation : 358 / 500 [n/a] @ "3715000"
// RTL Simulation : 359 / 500 [n/a] @ "3725000"
// RTL Simulation : 360 / 500 [n/a] @ "3735000"
// RTL Simulation : 361 / 500 [n/a] @ "3745000"
// RTL Simulation : 362 / 500 [n/a] @ "3755000"
// RTL Simulation : 363 / 500 [n/a] @ "3765000"
// RTL Simulation : 364 / 500 [n/a] @ "3775000"
// RTL Simulation : 365 / 500 [n/a] @ "3785000"
// RTL Simulation : 366 / 500 [n/a] @ "3795000"
// RTL Simulation : 367 / 500 [n/a] @ "3805000"
// RTL Simulation : 368 / 500 [n/a] @ "3815000"
// RTL Simulation : 369 / 500 [n/a] @ "3825000"
// RTL Simulation : 370 / 500 [n/a] @ "3835000"
// RTL Simulation : 371 / 500 [n/a] @ "3845000"
// RTL Simulation : 372 / 500 [n/a] @ "3855000"
// RTL Simulation : 373 / 500 [n/a] @ "3865000"
// RTL Simulation : 374 / 500 [n/a] @ "3875000"
// RTL Simulation : 375 / 500 [n/a] @ "3885000"
// RTL Simulation : 376 / 500 [n/a] @ "3895000"
// RTL Simulation : 377 / 500 [n/a] @ "3905000"
// RTL Simulation : 378 / 500 [n/a] @ "3915000"
// RTL Simulation : 379 / 500 [n/a] @ "3925000"
// RTL Simulation : 380 / 500 [n/a] @ "3935000"
// RTL Simulation : 381 / 500 [n/a] @ "3945000"
// RTL Simulation : 382 / 500 [n/a] @ "3955000"
// RTL Simulation : 383 / 500 [n/a] @ "3965000"
// RTL Simulation : 384 / 500 [n/a] @ "3975000"
// RTL Simulation : 385 / 500 [n/a] @ "3985000"
// RTL Simulation : 386 / 500 [n/a] @ "3995000"
// RTL Simulation : 387 / 500 [n/a] @ "4005000"
// RTL Simulation : 388 / 500 [n/a] @ "4015000"
// RTL Simulation : 389 / 500 [n/a] @ "4025000"
// RTL Simulation : 390 / 500 [n/a] @ "4035000"
// RTL Simulation : 391 / 500 [n/a] @ "4045000"
// RTL Simulation : 392 / 500 [n/a] @ "4055000"
// RTL Simulation : 393 / 500 [n/a] @ "4065000"
// RTL Simulation : 394 / 500 [n/a] @ "4075000"
// RTL Simulation : 395 / 500 [n/a] @ "4085000"
// RTL Simulation : 396 / 500 [n/a] @ "4095000"
// RTL Simulation : 397 / 500 [n/a] @ "4105000"
// RTL Simulation : 398 / 500 [n/a] @ "4115000"
// RTL Simulation : 399 / 500 [n/a] @ "4125000"
// RTL Simulation : 400 / 500 [n/a] @ "4135000"
// RTL Simulation : 401 / 500 [n/a] @ "4145000"
// RTL Simulation : 402 / 500 [n/a] @ "4155000"
// RTL Simulation : 403 / 500 [n/a] @ "4165000"
// RTL Simulation : 404 / 500 [n/a] @ "4175000"
// RTL Simulation : 405 / 500 [n/a] @ "4185000"
// RTL Simulation : 406 / 500 [n/a] @ "4195000"
// RTL Simulation : 407 / 500 [n/a] @ "4205000"
// RTL Simulation : 408 / 500 [n/a] @ "4215000"
// RTL Simulation : 409 / 500 [n/a] @ "4225000"
// RTL Simulation : 410 / 500 [n/a] @ "4235000"
// RTL Simulation : 411 / 500 [n/a] @ "4245000"
// RTL Simulation : 412 / 500 [n/a] @ "4255000"
// RTL Simulation : 413 / 500 [n/a] @ "4265000"
// RTL Simulation : 414 / 500 [n/a] @ "4275000"
// RTL Simulation : 415 / 500 [n/a] @ "4285000"
// RTL Simulation : 416 / 500 [n/a] @ "4295000"
// RTL Simulation : 417 / 500 [n/a] @ "4305000"
// RTL Simulation : 418 / 500 [n/a] @ "4315000"
// RTL Simulation : 419 / 500 [n/a] @ "4325000"
// RTL Simulation : 420 / 500 [n/a] @ "4335000"
// RTL Simulation : 421 / 500 [n/a] @ "4345000"
// RTL Simulation : 422 / 500 [n/a] @ "4355000"
// RTL Simulation : 423 / 500 [n/a] @ "4365000"
// RTL Simulation : 424 / 500 [n/a] @ "4375000"
// RTL Simulation : 425 / 500 [n/a] @ "4385000"
// RTL Simulation : 426 / 500 [n/a] @ "4395000"
// RTL Simulation : 427 / 500 [n/a] @ "4405000"
// RTL Simulation : 428 / 500 [n/a] @ "4415000"
// RTL Simulation : 429 / 500 [n/a] @ "4425000"
// RTL Simulation : 430 / 500 [n/a] @ "4435000"
// RTL Simulation : 431 / 500 [n/a] @ "4445000"
// RTL Simulation : 432 / 500 [n/a] @ "4455000"
// RTL Simulation : 433 / 500 [n/a] @ "4465000"
// RTL Simulation : 434 / 500 [n/a] @ "4475000"
// RTL Simulation : 435 / 500 [n/a] @ "4485000"
// RTL Simulation : 436 / 500 [n/a] @ "4495000"
// RTL Simulation : 437 / 500 [n/a] @ "4505000"
// RTL Simulation : 438 / 500 [n/a] @ "4515000"
// RTL Simulation : 439 / 500 [n/a] @ "4525000"
// RTL Simulation : 440 / 500 [n/a] @ "4535000"
// RTL Simulation : 441 / 500 [n/a] @ "4545000"
// RTL Simulation : 442 / 500 [n/a] @ "4555000"
// RTL Simulation : 443 / 500 [n/a] @ "4565000"
// RTL Simulation : 444 / 500 [n/a] @ "4575000"
// RTL Simulation : 445 / 500 [n/a] @ "4585000"
// RTL Simulation : 446 / 500 [n/a] @ "4595000"
// RTL Simulation : 447 / 500 [n/a] @ "4605000"
// RTL Simulation : 448 / 500 [n/a] @ "4615000"
// RTL Simulation : 449 / 500 [n/a] @ "4625000"
// RTL Simulation : 450 / 500 [n/a] @ "4635000"
// RTL Simulation : 451 / 500 [n/a] @ "4645000"
// RTL Simulation : 452 / 500 [n/a] @ "4655000"
// RTL Simulation : 453 / 500 [n/a] @ "4665000"
// RTL Simulation : 454 / 500 [n/a] @ "4675000"
// RTL Simulation : 455 / 500 [n/a] @ "4685000"
// RTL Simulation : 456 / 500 [n/a] @ "4695000"
// RTL Simulation : 457 / 500 [n/a] @ "4705000"
// RTL Simulation : 458 / 500 [n/a] @ "4715000"
// RTL Simulation : 459 / 500 [n/a] @ "4725000"
// RTL Simulation : 460 / 500 [n/a] @ "4735000"
// RTL Simulation : 461 / 500 [n/a] @ "4745000"
// RTL Simulation : 462 / 500 [n/a] @ "4755000"
// RTL Simulation : 463 / 500 [n/a] @ "4765000"
// RTL Simulation : 464 / 500 [n/a] @ "4775000"
// RTL Simulation : 465 / 500 [n/a] @ "4785000"
// RTL Simulation : 466 / 500 [n/a] @ "4795000"
// RTL Simulation : 467 / 500 [n/a] @ "4805000"
// RTL Simulation : 468 / 500 [n/a] @ "4815000"
// RTL Simulation : 469 / 500 [n/a] @ "4825000"
// RTL Simulation : 470 / 500 [n/a] @ "4835000"
// RTL Simulation : 471 / 500 [n/a] @ "4845000"
// RTL Simulation : 472 / 500 [n/a] @ "4855000"
// RTL Simulation : 473 / 500 [n/a] @ "4865000"
// RTL Simulation : 474 / 500 [n/a] @ "4875000"
// RTL Simulation : 475 / 500 [n/a] @ "4885000"
// RTL Simulation : 476 / 500 [n/a] @ "4895000"
// RTL Simulation : 477 / 500 [n/a] @ "4905000"
// RTL Simulation : 478 / 500 [n/a] @ "4915000"
// RTL Simulation : 479 / 500 [n/a] @ "4925000"
// RTL Simulation : 480 / 500 [n/a] @ "4935000"
// RTL Simulation : 481 / 500 [n/a] @ "4945000"
// RTL Simulation : 482 / 500 [n/a] @ "4955000"
// RTL Simulation : 483 / 500 [n/a] @ "4965000"
// RTL Simulation : 484 / 500 [n/a] @ "4975000"
// RTL Simulation : 485 / 500 [n/a] @ "4985000"
// RTL Simulation : 486 / 500 [n/a] @ "4995000"
// RTL Simulation : 487 / 500 [n/a] @ "5005000"
// RTL Simulation : 488 / 500 [n/a] @ "5015000"
// RTL Simulation : 489 / 500 [n/a] @ "5025000"
// RTL Simulation : 490 / 500 [n/a] @ "5035000"
// RTL Simulation : 491 / 500 [n/a] @ "5045000"
// RTL Simulation : 492 / 500 [n/a] @ "5055000"
// RTL Simulation : 493 / 500 [n/a] @ "5065000"
// RTL Simulation : 494 / 500 [n/a] @ "5075000"
// RTL Simulation : 495 / 500 [n/a] @ "5085000"
// RTL Simulation : 496 / 500 [n/a] @ "5095000"
// RTL Simulation : 497 / 500 [n/a] @ "5105000"
// RTL Simulation : 498 / 500 [n/a] @ "5115000"
// RTL Simulation : 499 / 500 [n/a] @ "5125000"
// RTL Simulation : 500 / 500 [n/a] @ "5135000"
////////////////////////////////////////////////////////////////////////////////////
$finish called at time : 5175 ns : File "/home/lean/vivado/tp/prbs31/vivado/prbs31/run1/sim/verilog/prbs31.autotb.v" Line 224
## quit
INFO: [Common 17-206] Exiting xsim at Tue Jun 20 14:39:35 2017...
 4 4 8 8 16 16 32 32 64 64 128 128 256 256 512 512 1024 1024 2048 2048 4096 4096 8192 8192 16384 16384 32768 32768 65536 65536 131072 131072 262144 262144 524288 524288 1048576 1048576 2097152 2097152 4194304 4194304 8388608 8388608 16777216 16777216 33554432 33554432 67108864 67108864 134217728 134217728 268435457 268435457 536870914 536870914 1073741828 1073741828 9 9 18 18 36 36 72 72 144 144 288 288 576 576 1152 1152 2304 2304 4608 4608 9216 9216 18432 18432 36864 36864 73728 73728 147456 147456 294912 294912 589824 589824 1179648 1179648 2359296 2359296 4718592 4718592 9437184 9437184 18874368 18874368 37748736 37748736 75497472 75497472 150994944 150994944 301989889 301989889 603979778 603979778 1207959556 1207959556 268435464 268435464 536870928 536870928 1073741856 1073741856 65 65 130 130 260 260 520 520 1040 1040 2080 2080 4160 4160 8320 8320 16640 16640 33280 33280 66560 66560 133120 133120 266240 266240 532480 532480 1064960 1064960 2129920 2129920 4259840 4259840 8519680 8519680 17039360 17039360 34078720 34078720 68157440 68157440 136314880 136314880 272629761 272629761 545259522 545259522 1090519044 1090519044 33554441 33554441 67108882 67108882 134217764 134217764 268435529 268435529 536871058 536871058 1073742116 1073742116 585 585 1170 1170 2340 2340 4680 4680 9360 9360 18720 18720 37440 37440 74880 74880 149760 149760 299520 299520 599040 599040 1198080 1198080 2396160 2396160 4792320 4792320 9584640 9584640 19169280 19169280 38338560 38338560 76677120 76677120 153354240 153354240 306708481 306708481 613416962 613416962 1226833924 1226833924 306184200 306184200 612368400 612368400 1224736800 1224736800 301989952 301989952 603979904 603979904 1207959808 1207959808 268435968 268435968 536871936 536871936 1073743872 1073743872 4097 4097 8194 8194 16388 16388 32776 32776 65552 65552 131104 131104 262208 262208 524416 524416 1048832 1048832 2097664 2097664 4195328 4195328 8390656 8390656 16781312 16781312 33562624 33562624 67125248 67125248 134250496 134250496 268500993 268500993 537001986 537001986 1074003972 1074003972 524297 524297 1048594 1048594 2097188 2097188 4194376 4194376 8388752 8388752 16777504 16777504 33555008 33555008 67110016 67110016 134220032 134220032 268440065 268440065 536880130 536880130 1073760260 1073760260 36873 36873 73746 73746 147492 147492 294984 294984 589968 589968 1179936 1179936 2359872 2359872 4719744 4719744 9439488 9439488 18878976 18878976 37757952 37757952 75515904 75515904 151031808 151031808 302063617 302063617 604127234 604127234 1208254468 1208254468 269025288 269025288 538050576 538050576 1076101152 1076101152 4718657 4718657 9437314 9437314 18874628 18874628 37749256 37749256 75498512 75498512 150997024 150997024 301994049 301994049 603988098 603988098 1207976196 1207976196 268468744 268468744 536937488 536937488 1073874976 1073874976 266305 266305 532610 532610 1065220 1065220 2130440 2130440 4260880 4260880 8521760 8521760 17043520 17043520 34087040 34087040 68174080 68174080 136348160 136348160 272696321 272696321 545392642 545392642 1090785284 1090785284 34086921 34086921 68173842 68173842 136347684 136347684 272695369 272695369 545390738 545390738 1090781476 1090781476 34079305 34079305 68158610 68158610 136317220 136317220 272634441 272634441 545268882 545268882 1090537764 1090537764 33591881 33591881 67183762 67183762 134367524 134367524 268735049 268735049 537470098 537470098 1074940196 1074940196 2396745 2396745 4793490 4793490 9586980 9586980 19173960 19173960 38347920 38347920 76695840 76695840 153391680 153391680 306783361 306783361 613566722 613566722 1227133444 1227133444 306783240 306783240 613566480 613566480 1227132960 1227132960 306782272 306782272 613564544 613564544 1227129088 1227129088 306774528 306774528 613549056 613549056 1227098112 1227098112 306712576 306712576 613425152 613425152 1226850304 1226850304 306216960 306216960 612433920 612433920 1224867840 1224867840 302252032 302252032 604504064 604504064 1209008128 1209008128 270532608 270532608 541065216 541065216 1082130432 1082130432 16777217 16777217 33554434 33554434 67108868 67108868 134217736 134217736 268435473 268435473 536870946 536870946 1073741892 1073741892 137 137 274 274 548 548 1096 1096 2192 2192 4384 4384 8768 8768 17536 17536 35072 35072 70144 70144 140288 140288 280576 280576 561152 561152 1122304 1122304 2244608 2244608 4489216 4489216 8978432 8978432 17956864 17956864 35913728 35913728 71827456 71827456 143654912 143654912 287309825 287309825 574619650 574619650 1149239300 1149239300 150994953 150994953 301989907 301989907 603979814 603979814 1207959628 1207959628 268435608 268435608 536871216 536871216 1073742432 1073742432 1217 1217 2434 2434 4868 4868 9736 9736 19472 19472 38944 38944 77888 77888 155776 155776 311552 311552 623104 623104 1246208 1246208 2492416 2492416 4984832 4984832 9969664 9969664 19939328 19939328 39878656 39878656 79757312 79757312 159514624 159514624 319029249 319029249 638058498 638058498 1276116996 1276116996 404750344 404750344 809500689 809500689 1619001378 1619001378 1090519109 1090519109 33554571 33554571 67109142 67109142 134218284 134218284 268436569 268436569 536873138 536873138 1073746276 1073746276 8905 8905 17810 17810 35620 35620 71240 71240 142480 142480 284960 284960 569920 569920 1139840 1139840 2279680 2279680 4559360 4559360 9118720 9118720 18237440 18237440 36474880 36474880 72949760 72949760 145899520 145899520 291799041 291799041 583598082 583598082 1167196164 1167196164 186908681 186908681 373817363 373817363 747634726 747634726 1495269453 1495269453 843055258 843055258 1686110516 1686110516 1224737385 1224737385 301991122 301991122 603982244 603982244 1207964488 1207964488 268445328 268445328 536890656 536890656 1073781312 1073781312 78977 78977 157954 157954 315908 315908 631816 631816 1263632 1263632 2527264 2527264 5054528 5054528 10109056 10109056 20218112 20218112 40436224 40436224 80872448 80872448 161744896 161744896 323489793 323489793 646979586 646979586 1293959172 1293959172 440434696 440434696 880869393 880869393 1761738786 1761738786 1375993924 1375993924 604504201 604504201 1209008402 1209008402 270533156 270533156 541066312 541066312 1082132624 1082132624 16781601 16781601 33563202 33563202 67126404 67126404 134252808 134252808 268505617 268505617 537011234 537011234 1074022468 1074022468 561289 561289 1122578 1122578 2245156 2245156 4490312 4490312 8980624 8980624 17961248 17961248 35922496 35922496 71844992 71844992 143689984 143689984 287379969 287379969 574759938 574759938 1149519876 1149519876 151556105 151556105 303112211 303112211 606224422 606224422 1212448844 1212448844 277414040 277414040 554828080 554828080 1109656160 1109656160 71828673 71828673 143657346 143657346 287314693 287314693 574629386 574629386 1149258772 1149258772 151033897 151033897 302067795 302067795 604135590 604135590 1208271180 1208271180 269058712 269058712 538117424 538117424 1076234848 1076234848 4986049 4986049 9972098 9972098 19944196 19944196 39888392 39888392 79776784 79776784 159553568 159553568 319107137 319107137 638214274 638214274 1276428548 1276428548 405373448 405373448 810746897 810746897 1621493794 1621493794 1095503941 1095503941 43524235 43524235 87048470 87048470 174096940 174096940 348193881 348193881 696387762 696387762 1392775525 1392775525 638067403 638067403 1276134806 1276134806 404785964 404785964 809571929 809571929 1619143858 1619143858 1090804069 1090804069 34124491 34124491 68248982 68248982 136497964 136497964 272995929 272995929 545991858 545991858 1091983716 1091983716 36483785 36483785 72967570 72967570 145935140 145935140 291870281 291870281 583740562 583740562 1167481124 1167481124 187478601 187478601 374957203 374957203 749914406 749914406 1499828813 1499828813 852173978 852173978 1704347956 1704347956 1261212265 1261212265 374940882 374940882 749881764 749881764 1499763529 1499763529 852043410 852043410 1704086820 1704086820 1260689993 1260689993 373896338 373896338 747792676 747792676 1495585353 1495585353 843687058 843687058 1687374116 1687374116 1227264585 1227264585 307045522 307045522 614091044 614091044 1228182088 1228182088 308880528 308880528 617761056 617761056 1235522112 1235522112 323560576 323560576 647121152 647121152 1294242304 1294242304 441000960 441000960 882001921 882001921 1764003842 1764003842 1380524036 1380524036 613564425 613564425 1227128850 1227128850 306774052 306774052 613548104 613548104 1227096208 1227096208 306708768 306708768 613417536 613417536 1226835072 1226835072 306186496 306186496 612372992 612372992 1224745984 1224745984 302008320 302008320 604016640 604016640 1208033280 1208033280 268582912 268582912 537165824 537165824 1074331648 1074331648 1179649 1179649 2359298 2359298 4718596 4718596 9437192 9437192 18874384 18874384 37748768 37748768Test done.
@I [SIM-1000] *** C/RTL co-simulation finished: PASS ***
