                             latency        interval
transaction       0:               0               1
transaction       1:               0               1
transaction       2:               0               1
transaction       3:               0               1
transaction       4:               0               1
transaction       5:               0               1
transaction       6:               0               1
transaction       7:               0               1
transaction       8:               0               1
transaction       9:               0               1
transaction      10:               0               1
transaction      11:               0               1
transaction      12:               0               1
transaction      13:               0               1
transaction      14:               0               1
transaction      15:               0               1
transaction      16:               0               1
transaction      17:               0               1
transaction      18:               0               1
transaction      19:               0               1
transaction      20:               0               1
transaction      21:               0               1
transaction      22:               0               1
transaction      23:               0               1
transaction      24:               0               1
transaction      25:               0               1
transaction      26:               0               1
transaction      27:               0               1
transaction      28:               0               1
transaction      29:               0               1
transaction      30:               0               1
transaction      31:               0               1
transaction      32:               0               1
transaction      33:               0               1
transaction      34:               0               1
transaction      35:               0               1
transaction      36:               0               1
transaction      37:               0               1
transaction      38:               0               1
transaction      39:               0               1
transaction      40:               0               1
transaction      41:               0               1
transaction      42:               0               1
transaction      43:               0               1
transaction      44:               0               1
transaction      45:               0               1
transaction      46:               0               1
transaction      47:               0               1
transaction      48:               0               1
transaction      49:               0               1
transaction      50:               0               1
transaction      51:               0               1
transaction      52:               0               1
transaction      53:               0               1
transaction      54:               0               1
transaction      55:               0               1
transaction      56:               0               1
transaction      57:               0               1
transaction      58:               0               1
transaction      59:               0               1
transaction      60:               0               1
transaction      61:               0               1
transaction      62:               0               1
transaction      63:               0               1
transaction      64:               0               1
transaction      65:               0               1
transaction      66:               0               1
transaction      67:               0               1
transaction      68:               0               1
transaction      69:               0               1
transaction      70:               0               1
transaction      71:               0               1
transaction      72:               0               1
transaction      73:               0               1
transaction      74:               0               1
transaction      75:               0               1
transaction      76:               0               1
transaction      77:               0               1
transaction      78:               0               1
transaction      79:               0               1
transaction      80:               0               1
transaction      81:               0               1
transaction      82:               0               1
transaction      83:               0               1
transaction      84:               0               1
transaction      85:               0               1
transaction      86:               0               1
transaction      87:               0               1
transaction      88:               0               1
transaction      89:               0               1
transaction      90:               0               1
transaction      91:               0               1
transaction      92:               0               1
transaction      93:               0               1
transaction      94:               0               1
transaction      95:               0               1
transaction      96:               0               1
transaction      97:               0               1
transaction      98:               0               1
transaction      99:               0               1
transaction     100:               0               1
transaction     101:               0               1
transaction     102:               0               1
transaction     103:               0               1
transaction     104:               0               1
transaction     105:               0               1
transaction     106:               0               1
transaction     107:               0               1
transaction     108:               0               1
transaction     109:               0               1
transaction     110:               0               1
transaction     111:               0               1
transaction     112:               0               1
transaction     113:               0               1
transaction     114:               0               1
transaction     115:               0               1
transaction     116:               0               1
transaction     117:               0               1
transaction     118:               0               1
transaction     119:               0               1
transaction     120:               0               1
transaction     121:               0               1
transaction     122:               0               1
transaction     123:               0               1
transaction     124:               0               1
transaction     125:               0               1
transaction     126:               0               1
transaction     127:               0               1
transaction     128:               0               1
transaction     129:               0               1
transaction     130:               0               1
transaction     131:               0               1
transaction     132:               0               1
transaction     133:               0               1
transaction     134:               0               1
transaction     135:               0               1
transaction     136:               0               1
transaction     137:               0               1
transaction     138:               0               1
transaction     139:               0               1
transaction     140:               0               1
transaction     141:               0               1
transaction     142:               0               1
transaction     143:               0               1
transaction     144:               0               1
transaction     145:               0               1
transaction     146:               0               1
transaction     147:               0               1
transaction     148:               0               1
transaction     149:               0               1
transaction     150:               0               1
transaction     151:               0               1
transaction     152:               0               1
transaction     153:               0               1
transaction     154:               0               1
transaction     155:               0               1
transaction     156:               0               1
transaction     157:               0               1
transaction     158:               0               1
transaction     159:               0               1
transaction     160:               0               1
transaction     161:               0               1
transaction     162:               0               1
transaction     163:               0               1
transaction     164:               0               1
transaction     165:               0               1
transaction     166:               0               1
transaction     167:               0               1
transaction     168:               0               1
transaction     169:               0               1
transaction     170:               0               1
transaction     171:               0               1
transaction     172:               0               1
transaction     173:               0               1
transaction     174:               0               1
transaction     175:               0               1
transaction     176:               0               1
transaction     177:               0               1
transaction     178:               0               1
transaction     179:               0               1
transaction     180:               0               1
transaction     181:               0               1
transaction     182:               0               1
transaction     183:               0               1
transaction     184:               0               1
transaction     185:               0               1
transaction     186:               0               1
transaction     187:               0               1
transaction     188:               0               1
transaction     189:               0               1
transaction     190:               0               1
transaction     191:               0               1
transaction     192:               0               1
transaction     193:               0               1
transaction     194:               0               1
transaction     195:               0               1
transaction     196:               0               1
transaction     197:               0               1
transaction     198:               0               1
transaction     199:               0               1
transaction     200:               0               1
transaction     201:               0               1
transaction     202:               0               1
transaction     203:               0               1
transaction     204:               0               1
transaction     205:               0               1
transaction     206:               0               1
transaction     207:               0               1
transaction     208:               0               1
transaction     209:               0               1
transaction     210:               0               1
transaction     211:               0               1
transaction     212:               0               1
transaction     213:               0               1
transaction     214:               0               1
transaction     215:               0               1
transaction     216:               0               1
transaction     217:               0               1
transaction     218:               0               1
transaction     219:               0               1
transaction     220:               0               1
transaction     221:               0               1
transaction     222:               0               1
transaction     223:               0               1
transaction     224:               0               1
transaction     225:               0               1
transaction     226:               0               1
transaction     227:               0               1
transaction     228:               0               1
transaction     229:               0               1
transaction     230:               0               1
transaction     231:               0               1
transaction     232:               0               1
transaction     233:               0               1
transaction     234:               0               1
transaction     235:               0               1
transaction     236:               0               1
transaction     237:               0               1
transaction     238:               0               1
transaction     239:               0               1
transaction     240:               0               1
transaction     241:               0               1
transaction     242:               0               1
transaction     243:               0               1
transaction     244:               0               1
transaction     245:               0               1
transaction     246:               0               1
transaction     247:               0               1
transaction     248:               0               1
transaction     249:               0               1
transaction     250:               0               1
transaction     251:               0               1
transaction     252:               0               1
transaction     253:               0               1
transaction     254:               0               1
transaction     255:               0               1
transaction     256:               0               1
transaction     257:               0               1
transaction     258:               0               1
transaction     259:               0               1
transaction     260:               0               1
transaction     261:               0               1
transaction     262:               0               1
transaction     263:               0               1
transaction     264:               0               1
transaction     265:               0               1
transaction     266:               0               1
transaction     267:               0               1
transaction     268:               0               1
transaction     269:               0               1
transaction     270:               0               1
transaction     271:               0               1
transaction     272:               0               1
transaction     273:               0               1
transaction     274:               0               1
transaction     275:               0               1
transaction     276:               0               1
transaction     277:               0               1
transaction     278:               0               1
transaction     279:               0               1
transaction     280:               0               1
transaction     281:               0               1
transaction     282:               0               1
transaction     283:               0               1
transaction     284:               0               1
transaction     285:               0               1
transaction     286:               0               1
transaction     287:               0               1
transaction     288:               0               1
transaction     289:               0               1
transaction     290:               0               1
transaction     291:               0               1
transaction     292:               0               1
transaction     293:               0               1
transaction     294:               0               1
transaction     295:               0               1
transaction     296:               0               1
transaction     297:               0               1
transaction     298:               0               1
transaction     299:               0               1
transaction     300:               0               1
transaction     301:               0               1
transaction     302:               0               1
transaction     303:               0               1
transaction     304:               0               1
transaction     305:               0               1
transaction     306:               0               1
transaction     307:               0               1
transaction     308:               0               1
transaction     309:               0               1
transaction     310:               0               1
transaction     311:               0               1
transaction     312:               0               1
transaction     313:               0               1
transaction     314:               0               1
transaction     315:               0               1
transaction     316:               0               1
transaction     317:               0               1
transaction     318:               0               1
transaction     319:               0               1
transaction     320:               0               1
transaction     321:               0               1
transaction     322:               0               1
transaction     323:               0               1
transaction     324:               0               1
transaction     325:               0               1
transaction     326:               0               1
transaction     327:               0               1
transaction     328:               0               1
transaction     329:               0               1
transaction     330:               0               1
transaction     331:               0               1
transaction     332:               0               1
transaction     333:               0               1
transaction     334:               0               1
transaction     335:               0               1
transaction     336:               0               1
transaction     337:               0               1
transaction     338:               0               1
transaction     339:               0               1
transaction     340:               0               1
transaction     341:               0               1
transaction     342:               0               1
transaction     343:               0               1
transaction     344:               0               1
transaction     345:               0               1
transaction     346:               0               1
transaction     347:               0               1
transaction     348:               0               1
transaction     349:               0               1
transaction     350:               0               1
transaction     351:               0               1
transaction     352:               0               1
transaction     353:               0               1
transaction     354:               0               1
transaction     355:               0               1
transaction     356:               0               1
transaction     357:               0               1
transaction     358:               0               1
transaction     359:               0               1
transaction     360:               0               1
transaction     361:               0               1
transaction     362:               0               1
transaction     363:               0               1
transaction     364:               0               1
transaction     365:               0               1
transaction     366:               0               1
transaction     367:               0               1
transaction     368:               0               1
transaction     369:               0               1
transaction     370:               0               1
transaction     371:               0               1
transaction     372:               0               1
transaction     373:               0               1
transaction     374:               0               1
transaction     375:               0               1
transaction     376:               0               1
transaction     377:               0               1
transaction     378:               0               1
transaction     379:               0               1
transaction     380:               0               1
transaction     381:               0               1
transaction     382:               0               1
transaction     383:               0               1
transaction     384:               0               1
transaction     385:               0               1
transaction     386:               0               1
transaction     387:               0               1
transaction     388:               0               1
transaction     389:               0               1
transaction     390:               0               1
transaction     391:               0               1
transaction     392:               0               1
transaction     393:               0               1
transaction     394:               0               1
transaction     395:               0               1
transaction     396:               0               1
transaction     397:               0               1
transaction     398:               0               1
transaction     399:               0               1
transaction     400:               0               1
transaction     401:               0               1
transaction     402:               0               1
transaction     403:               0               1
transaction     404:               0               1
transaction     405:               0               1
transaction     406:               0               1
transaction     407:               0               1
transaction     408:               0               1
transaction     409:               0               1
transaction     410:               0               1
transaction     411:               0               1
transaction     412:               0               1
transaction     413:               0               1
transaction     414:               0               1
transaction     415:               0               1
transaction     416:               0               1
transaction     417:               0               1
transaction     418:               0               1
transaction     419:               0               1
transaction     420:               0               1
transaction     421:               0               1
transaction     422:               0               1
transaction     423:               0               1
transaction     424:               0               1
transaction     425:               0               1
transaction     426:               0               1
transaction     427:               0               1
transaction     428:               0               1
transaction     429:               0               1
transaction     430:               0               1
transaction     431:               0               1
transaction     432:               0               1
transaction     433:               0               1
transaction     434:               0               1
transaction     435:               0               1
transaction     436:               0               1
transaction     437:               0               1
transaction     438:               0               1
transaction     439:               0               1
transaction     440:               0               1
transaction     441:               0               1
transaction     442:               0               1
transaction     443:               0               1
transaction     444:               0               1
transaction     445:               0               1
transaction     446:               0               1
transaction     447:               0               1
transaction     448:               0               1
transaction     449:               0               1
transaction     450:               0               1
transaction     451:               0               1
transaction     452:               0               1
transaction     453:               0               1
transaction     454:               0               1
transaction     455:               0               1
transaction     456:               0               1
transaction     457:               0               1
transaction     458:               0               1
transaction     459:               0               1
transaction     460:               0               1
transaction     461:               0               1
transaction     462:               0               1
transaction     463:               0               1
transaction     464:               0               1
transaction     465:               0               1
transaction     466:               0               1
transaction     467:               0               1
transaction     468:               0               1
transaction     469:               0               1
transaction     470:               0               1
transaction     471:               0               1
transaction     472:               0               1
transaction     473:               0               1
transaction     474:               0               1
transaction     475:               0               1
transaction     476:               0               1
transaction     477:               0               1
transaction     478:               0               1
transaction     479:               0               1
transaction     480:               0               1
transaction     481:               0               1
transaction     482:               0               1
transaction     483:               0               1
transaction     484:               0               1
transaction     485:               0               1
transaction     486:               0               1
transaction     487:               0               1
transaction     488:               0               1
transaction     489:               0               1
transaction     490:               0               1
transaction     491:               0               1
transaction     492:               0               1
transaction     493:               0               1
transaction     494:               0               1
transaction     495:               0               1
transaction     496:               0               1
transaction     497:               0               1
transaction     498:               0               1
transaction     499:               0               x
